# JRE version: OpenJDK Runtime Environment (21.0.5) (build 21.0.5+-13047016-b750.29)
# Java VM: OpenJDK 64-Bit Server VM (21.0.5+-13047016-b750.29, mixed mode, tiered, compressed oops, compressed class ptrs, g1 gc, windows-amd64)
GC Precious Log:
 CardTable entry size: 512
 Card Set container configuration: InlinePtr #cards 5 size 8 Array Of Cards #cards 12 size 40 Howl #buckets 4 coarsen threshold 1843 Howl Bitmap #cards 512 size 80 coarsen threshold 460 Card regions per heap region 1 cards per card region 2048
 CPUs: 6 total, 6 available
 Memory: 7600M
 Large Page Support: Disabled
 NUMA Support: Disabled
 Compressed Oops: Enabled (32-bit)
 Heap Region Size: 1M
 Heap Min Capacity: 8M
 Heap Initial Capacity: 120M
 Heap Max Capacity: 2G
 Pre-touch: Disabled
 Parallel Workers: 6
 Concurrent Workers: 2
 Concurrent Refinement Workers: 6
 Periodic GC: Disabled
Heap:
 garbage-first heap   total 209920K, used 168792K [0x0000000080000000, 0x0000000100000000)
  region size 1024K, 49 young (50176K), 7 survivors (7168K)
 Metaspace       used 112120K, committed 114240K, reserved 1179648K
  class space    used 15025K, committed 16064K, reserved 1048576K
GC Heap History (20 events):
Event: 14.106 GC heap before
{Heap before GC invocations=31 (full 0):
 garbage-first heap   total 122880K, used 113044K [0x0000000080000000, 0x0000000100000000)
  region size 1024K, 40 young (40960K), 2 survivors (2048K)
 Metaspace       used 90541K, committed 92544K, reserved 1179648K
  class space    used 12361K, committed 13376K, reserved 1048576K
}
Event: 14.110 GC heap after
{Heap after GC invocations=32 (full 0):
 garbage-first heap   total 122880K, used 76166K [0x0000000080000000, 0x0000000100000000)
  region size 1024K, 4 young (4096K), 4 survivors (4096K)
 Metaspace       used 90541K, committed 92544K, reserved 1179648K
  class space    used 12361K, committed 13376K, reserved 1048576K
}
Event: 15.385 GC heap before
{Heap before GC invocations=33 (full 0):
 garbage-first heap   total 128000K, used 110982K [0x0000000080000000, 0x0000000100000000)
  region size 1024K, 38 young (38912K), 4 survivors (4096K)
 Metaspace       used 93146K, committed 95232K, reserved 1179648K
  class space    used 12785K, committed 13824K, reserved 1048576K
}
Event: 15.421 GC heap after
{Heap after GC invocations=34 (full 0):
 garbage-first heap   total 128000K, used 78351K [0x0000000080000000, 0x0000000100000000)
  region size 1024K, 5 young (5120K), 5 survivors (5120K)
 Metaspace       used 93146K, committed 95232K, reserved 1179648K
  class space    used 12785K, committed 13824K, reserved 1048576K
}
Event: 16.852 GC heap before
{Heap before GC invocations=34 (full 0):
 garbage-first heap   total 128000K, used 114191K [0x0000000080000000, 0x0000000100000000)
  region size 1024K, 40 young (40960K), 5 survivors (5120K)
 Metaspace       used 95983K, committed 98048K, reserved 1179648K
  class space    used 13227K, committed 14272K, reserved 1048576K
}
Event: 16.861 GC heap after
{Heap after GC invocations=35 (full 0):
 garbage-first heap   total 153600K, used 78663K [0x0000000080000000, 0x0000000100000000)
  region size 1024K, 4 young (4096K), 4 survivors (4096K)
 Metaspace       used 95983K, committed 98048K, reserved 1179648K
  class space    used 13227K, committed 14272K, reserved 1048576K
}
Event: 18.386 GC heap before
{Heap before GC invocations=35 (full 0):
 garbage-first heap   total 153600K, used 140103K [0x0000000080000000, 0x0000000100000000)
  region size 1024K, 64 young (65536K), 4 survivors (4096K)
 Metaspace       used 101630K, committed 103744K, reserved 1179648K
  class space    used 14036K, committed 15104K, reserved 1048576K
}
Event: 18.394 GC heap after
{Heap after GC invocations=36 (full 0):
 garbage-first heap   total 153600K, used 84245K [0x0000000080000000, 0x0000000100000000)
  region size 1024K, 8 young (8192K), 8 survivors (8192K)
 Metaspace       used 101630K, committed 103744K, reserved 1179648K
  class space    used 14036K, committed 15104K, reserved 1048576K
}
Event: 19.700 GC heap before
{Heap before GC invocations=36 (full 0):
 garbage-first heap   total 153600K, used 134421K [0x0000000080000000, 0x0000000100000000)
  region size 1024K, 59 young (60416K), 8 survivors (8192K)
 Metaspace       used 102076K, committed 104192K, reserved 1179648K
  class space    used 14094K, committed 15168K, reserved 1048576K
}
Event: 19.711 GC heap after
{Heap after GC invocations=37 (full 0):
 garbage-first heap   total 153600K, used 90891K [0x0000000080000000, 0x0000000100000000)
  region size 1024K, 6 young (6144K), 6 survivors (6144K)
 Metaspace       used 102076K, committed 104192K, reserved 1179648K
  class space    used 14094K, committed 15168K, reserved 1048576K
}
Event: 20.513 GC heap before
{Heap before GC invocations=38 (full 0):
 garbage-first heap   total 160768K, used 144139K [0x0000000080000000, 0x0000000100000000)
  region size 1024K, 52 young (53248K), 6 survivors (6144K)
 Metaspace       used 105215K, committed 107456K, reserved 1179648K
  class space    used 14377K, committed 15488K, reserved 1048576K
}
Event: 20.528 GC heap after
{Heap after GC invocations=39 (full 0):
 garbage-first heap   total 168960K, used 108297K [0x0000000080000000, 0x0000000100000000)
  region size 1024K, 7 young (7168K), 7 survivors (7168K)
 Metaspace       used 105215K, committed 107456K, reserved 1179648K
  class space    used 14377K, committed 15488K, reserved 1048576K
}
Event: 21.379 GC heap before
{Heap before GC invocations=39 (full 0):
 garbage-first heap   total 168960K, used 150281K [0x0000000080000000, 0x0000000100000000)
  region size 1024K, 42 young (43008K), 7 survivors (7168K)
 Metaspace       used 105592K, committed 107776K, reserved 1179648K
  class space    used 14407K, committed 15488K, reserved 1048576K
}
Event: 21.394 GC heap after
{Heap after GC invocations=40 (full 0):
 garbage-first heap   total 168960K, used 116611K [0x0000000080000000, 0x0000000100000000)
  region size 1024K, 6 young (6144K), 6 survivors (6144K)
 Metaspace       used 105592K, committed 107776K, reserved 1179648K
  class space    used 14407K, committed 15488K, reserved 1048576K
}
Event: 22.127 GC heap before
{Heap before GC invocations=40 (full 0):
 garbage-first heap   total 168960K, used 131971K [0x0000000080000000, 0x0000000100000000)
  region size 1024K, 22 young (22528K), 6 survivors (6144K)
 Metaspace       used 105693K, committed 107840K, reserved 1179648K
  class space    used 14415K, committed 15488K, reserved 1048576K
}
Event: 22.136 GC heap after
{Heap after GC invocations=41 (full 0):
 garbage-first heap   total 168960K, used 122498K [0x0000000080000000, 0x0000000100000000)
  region size 1024K, 5 young (5120K), 5 survivors (5120K)
 Metaspace       used 105693K, committed 107840K, reserved 1179648K
  class space    used 14415K, committed 15488K, reserved 1048576K
}
Event: 23.097 GC heap before
{Heap before GC invocations=42 (full 0):
 garbage-first heap   total 209920K, used 160386K [0x0000000080000000, 0x0000000100000000)
  region size 1024K, 28 young (28672K), 5 survivors (5120K)
 Metaspace       used 107557K, committed 109632K, reserved 1179648K
  class space    used 14575K, committed 15616K, reserved 1048576K
}
Event: 23.105 GC heap after
{Heap after GC invocations=43 (full 0):
 garbage-first heap   total 209920K, used 123811K [0x0000000080000000, 0x0000000100000000)
  region size 1024K, 2 young (2048K), 2 survivors (2048K)
 Metaspace       used 107557K, committed 109632K, reserved 1179648K
  class space    used 14575K, committed 15616K, reserved 1048576K
}
Event: 24.794 GC heap before
{Heap before GC invocations=43 (full 0):
 garbage-first heap   total 209920K, used 173987K [0x0000000080000000, 0x0000000100000000)
  region size 1024K, 52 young (53248K), 2 survivors (2048K)
 Metaspace       used 109802K, committed 111936K, reserved 1179648K
  class space    used 14804K, committed 15872K, reserved 1048576K
}
Event: 24.806 GC heap after
{Heap after GC invocations=44 (full 0):
 garbage-first heap   total 209920K, used 127832K [0x0000000080000000, 0x0000000100000000)
  region size 1024K, 7 young (7168K), 7 survivors (7168K)
 Metaspace       used 109802K, committed 111936K, reserved 1179648K
  class space    used 14804K, committed 15872K, reserved 1048576K
}

